#
# A fatal error has been detected by the Java Runtime Environment:
#
#  EXCEPTION_ACCESS_VIOLATION (0xc0000005) at pc=0x00007ffcc2efe537, pid=7976, tid=9148
#
# JRE version: Java(TM) SE Runtime Environment (15.0.2+7) (build 15.0.2+7-27)
# Java VM: Java HotSpot(TM) 64-Bit Server VM (15.0.2+7-27, mixed mode, sharing, tiered, compressed oops, g1 gc, windows-amd64)
# Problematic frame:
# V  [jvm.dll+0x5de537]
#
# No core dump will be written. Minidumps are not enabled by default on client versions of Windows
#
# If you would like to submit a bug report, please visit:
#   https://bugreport.java.com/bugreport/crash.jsp
#

---------------  S U M M A R Y ------------

Command Line: -XX:+ShowCodeDetailsInExceptionMessages -agentlib:jdwp=transport=dt_socket,suspend=y,address=localhost:63984 -javaagent:C:\Users\acer\eclipse\java-2020-12\eclipse\configuration\org.eclipse.osgi\220\0\.cp\lib\javaagent-shaded.jar -Dfile.encoding=Cp1250 zadaci.Zadatak05

Host: Intel(R) Core(TM) i5-1035G1 CPU @ 1.00GHz, 8 cores, 7G,  Windows 10 , 64 bit Build 19041 (10.0.19041.1023)
Time: Sat Jul 24 10:06:20 2021 Let/zim. vreme u Centr. Evropi elapsed time: 1191.826054 seconds (0d 0h 19m 51s)

---------------  T H R E A D  ---------------

Current thread (0x000001b92fb393e0):  VMThread "VM Thread" [stack: 0x000000a34c600000,0x000000a34c700000] [id=9148] _threads_hazard_ptr=0x000001b930751230

Stack: [0x000000a34c600000,0x000000a34c700000],  sp=0x000000a34c6fde70,  free space=1015k
Native frames: (J=compiled Java code, j=interpreted, Vv=VM code, C=native code)
V  [jvm.dll+0x5de537]
V  [jvm.dll+0x4dda2a]
V  [jvm.dll+0x4db8f3]
V  [jvm.dll+0x78426b]
V  [jvm.dll+0x7880a3]
V  [jvm.dll+0x788965]
V  [jvm.dll+0x788b9e]
V  [jvm.dll+0x73d75a]
V  [jvm.dll+0x629c56]
C  [ucrtbase.dll+0x21bb2]
C  [KERNEL32.DLL+0x17034]
C  [ntdll.dll+0x52651]


siginfo: EXCEPTION_ACCESS_VIOLATION (0xc0000005), reading address 0xffffffffffffffff


Register to memory mapping:

RIP=0x00007ffcc2efe537 jvm.dll
RAX=0x0000cab92fff8420 is an unknown value
RBX={method} {0x000001b92fff8480} 
[error occurred during error reporting (printing register info), id 0xc0000005, EXCEPTION_ACCESS_VIOLATION (0xc0000005) at pc=0x00007ffcc2f0064a]

Registers:
RAX=0x0000cab92fff8420, RBX=0x000001b92fff8478, RCX=0x0000000000000000, RDX=0x000000a34c6fde90
RSP=0x000000a34c6fde70, RBP=0x000001b92fb2d170, RSI=0x0000000000000001, RDI=0x000001b90f2255d0
R8 =0x000001b92fb220c0, R9 =0x000000a34c6fdf40, R10=0x0000000000000000, R11=0x0000000000000000
R12=0x000001b93075ba10, R13=0x000001b92fb22000, R14=0x0000000000000000, R15=0x000001b92fb2d160
RIP=0x00007ffcc2efe537, EFLAGS=0x0000000000010206

Top of Stack: (sp=0x000000a34c6fde70)
0x000000a34c6fde70:   000001b92fff8478 0000000000000001
0x000000a34c6fde80:   000001b918c08a90 0000000000000000
0x000000a34c6fde90:   000001b92fff8478 000001b92fb393e0
0x000000a34c6fdea0:   0000000000000000 00007ffcc2dfda2a
0x000000a34c6fdeb0:   000001b92fff8478 000001b930714f20
0x000000a34c6fdec0:   000000008b05a100 000001b90f1c4640
0x000000a34c6fded0:   000001b92fb2d170 000001b92fb2d160
0x000000a34c6fdee0:   0000000000000001 00000000000003d8
0x000000a34c6fdef0:   000001b92fb2d548 000000a34d1ff540
0x000000a34c6fdf00:   000001b92fb393e0 000001b92fb220c0
0x000000a34c6fdf10:   000001b90f1b0650 000001b90f1b0660
0x000000a34c6fdf20:   000001b90f1b0738 00000000000000d8
0x000000a34c6fdf30:   000000a34c6ff430 0000000000000000
0x000000a34c6fdf40:   0000000000000000 0000000000000000
0x000000a34c6fdf50:   0000000000000000 0000000000000000
0x000000a34c6fdf60:   000000a34cffeda0 000000a34cffeda0 

Instructions: (pc=0x00007ffcc2efe537)
0x00007ffcc2efe437:   cc cc cc cc cc cc cc cc cc 4c 8b 49 08 45 0f b7
0x00007ffcc2efe447:   41 28 45 85 c0 74 73 b8 cd cc cc cc 41 f7 e0 c1
0x00007ffcc2efe457:   ea 02 8d 0c 92 44 3b c1 75 60 41 80 79 38 2a 49
0x00007ffcc2efe467:   8d 49 38 75 55 80 79 01 b7 75 4f 49 ff c8 41 80
0x00007ffcc2efe477:   3c 08 b1 75 45 49 83 f8 04 7e 3c 49 c7 c1 fe ff
0x00007ffcc2efe487:   ff ff 48 8d 41 06 4c 2b c9 80 78 fe 2a 75 2b 0f
0x00007ffcc2efe497:   b6 50 ff 8d 4a ff f6 c1 f5 75 05 80 fa 09 75 05
0x00007ffcc2efe4a7:   80 fa 0e 75 15 80 38 b5 75 10 48 83 c0 05 49 8d
0x00007ffcc2efe4b7:   0c 01 49 3b c8 7c d2 b0 01 c3 32 c0 c3 cc cc cc
0x00007ffcc2efe4c7:   cc cc cc cc cc cc cc cc cc 48 89 5c 24 10 57 48
0x00007ffcc2efe4d7:   83 ec 30 65 48 8b 04 25 58 00 00 00 48 8b d9 8b
0x00007ffcc2efe4e7:   15 e0 19 4f 00 48 8b 3c d0 b8 40 00 00 00 80 3c
0x00007ffcc2efe4f7:   38 00 75 05 e8 0c a6 1f 00 b9 08 00 00 00 48 89
0x00007ffcc2efe507:   5c 24 20 48 8b 0c 39 48 89 4c 24 28 48 85 db 74
0x00007ffcc2efe517:   16 48 8b 89 a0 02 00 00 48 8d 54 24 40 48 89 5c
0x00007ffcc2efe527:   24 40 e8 e2 de a2 ff 48 8b 43 08 48 8d 54 24 20
0x00007ffcc2efe537:   48 8b 48 08 48 8b 49 18 e8 9c ad d5 ff 48 8d 4c
0x00007ffcc2efe547:   24 20 48 8b d8 e8 5f 5f d3 ff 48 8b c3 48 8b 5c
0x00007ffcc2efe557:   24 48 48 83 c4 30 5f c3 cc 40 53 48 83 ec 20 48
0x00007ffcc2efe567:   8b 81 98 00 00 00 48 8b d9 48 8b 48 08 48 85 c9
0x00007ffcc2efe577:   74 39 ff 15 89 5a 41 00 48 85 c0 74 2e 48 8b 83
0x00007ffcc2efe587:   98 00 00 00 48 8b 48 08 48 85 c9 75 04 33 c0 eb
0x00007ffcc2efe597:   06 ff 15 6a 5a 41 00 48 8b c8 e8 da 74 12 00 84
0x00007ffcc2efe5a7:   c0 75 08 33 c0 48 83 c4 20 5b c3 48 8b 4b 18 48
0x00007ffcc2efe5b7:   83 c4 20 5b e9 d0 8a 1a 00 48 8b 41 08 48 8b 48
0x00007ffcc2efe5c7:   08 48 8b 41 18 48 8b 40 18 c3 cc cc cc cc cc cc
0x00007ffcc2efe5d7:   cc cc cc cc cc cc cc cc cc 48 89 5c 24 08 48 89
0x00007ffcc2efe5e7:   74 24 10 57 48 83 ec 40 33 ff be ff ff ff ff 3b
0x00007ffcc2efe5f7:   d6 8b df 0f 45 da 85 db 0f 88 be 00 00 00 48 8b
0x00007ffcc2efe607:   49 08 0f b7 41 28 3b d8 0f 8d ae 00 00 00 f6 41
0x00007ffcc2efe617:   24 01 0f 84 a4 00 00 00 e8 fc d1 c2 ff 8b d7 48
0x00007ffcc2efe627:   89 44 24 20 89 54 24 30 4c 8b d0 44 8b cf 89 7c 


Stack slot to memory mapping:
stack at sp + 0 slots: {method} {0x000001b92fff8480} 
[error occurred during error reporting (inspecting top of stack), id 0xc0000005, EXCEPTION_ACCESS_VIOLATION (0xc0000005) at pc=0x00007ffcc2f0064a]

VM_Operation (0x000000a34d1ff3a0): GetStackTrace, mode: safepoint, requested by thread 0x000001b9306c9380


---------------  P R O C E S S  ---------------

Threads class SMR info:
_java_thread_list=0x000001b930751230, length=14, elements={
0x000001b90f1c4640, 0x000001b92fb3d320, 0x000001b92fb3de00, 0x000001b92fb59080,
0x000001b92fb59a40, 0x000001b92fb5fbc0, 0x000001b92fb680d0, 0x000001b92fb699e0,
0x000001b92fb6a2e0, 0x000001b93057f110, 0x000001b9306c9380, 0x000001b9306cc040,
0x000001b9306cc8c0, 0x000001b930582130
}

Java Threads: ( => current thread )
  0x000001b90f1c4640 JavaThread "main" [_thread_blocked, id=10812, stack(0x000000a34c000000,0x000000a34c100000)]
  0x000001b92fb3d320 JavaThread "Reference Handler" daemon [_thread_blocked, id=11048, stack(0x000000a34c700000,0x000000a34c800000)]
  0x000001b92fb3de00 JavaThread "Finalizer" daemon [_thread_blocked, id=1908, stack(0x000000a34c800000,0x000000a34c900000)]
  0x000001b92fb59080 JavaThread "Signal Dispatcher" daemon [_thread_blocked, id=1552, stack(0x000000a34c900000,0x000000a34ca00000)]
  0x000001b92fb59a40 JavaThread "Attach Listener" daemon [_thread_blocked, id=6776, stack(0x000000a34ca00000,0x000000a34cb00000)]
  0x000001b92fb5fbc0 JavaThread "Service Thread" daemon [_thread_blocked, id=5924, stack(0x000000a34cb00000,0x000000a34cc00000)]
  0x000001b92fb680d0 JavaThread "C2 CompilerThread0" daemon [_thread_blocked, id=10288, stack(0x000000a34cc00000,0x000000a34cd00000)]
  0x000001b92fb699e0 JavaThread "C1 CompilerThread0" daemon [_thread_blocked, id=8868, stack(0x000000a34cd00000,0x000000a34ce00000)]
  0x000001b92fb6a2e0 JavaThread "Sweeper thread" daemon [_thread_blocked, id=10464, stack(0x000000a34ce00000,0x000000a34cf00000)]
  0x000001b93057f110 JavaThread "Common-Cleaner" daemon [_thread_blocked, id=10940, stack(0x000000a34cf00000,0x000000a34d000000)]
  0x000001b9306c9380 JavaThread "JDWP Transport Listener: dt_socket" daemon [_thread_blocked, id=396, stack(0x000000a34d100000,0x000000a34d200000)] _threads_hazard_ptr=0x000001b930751230
  0x000001b9306cc040 JavaThread "JDWP Event Helper Thread" daemon [_thread_blocked, id=6440, stack(0x000000a34d200000,0x000000a34d300000)]
  0x000001b9306cc8c0 JavaThread "JDWP Command Reader" daemon [_thread_in_native, id=10840, stack(0x000000a34d300000,0x000000a34d400000)]
  0x000001b930582130 JavaThread "Notification Thread" daemon [_thread_blocked, id=3004, stack(0x000000a34d400000,0x000000a34d500000)]

Other Threads:
=>0x000001b92fb393e0 VMThread "VM Thread" [stack: 0x000000a34c600000,0x000000a34c700000] [id=9148]
  0x000001b90f1c5610 WatcherThread [stack: 0x000000a34d500000,0x000000a34d600000] [id=12000]
  0x000001b90f2021a0 GCTaskThread "GC Thread#0" [stack: 0x000000a34c100000,0x000000a34c200000] [id=1684]
  0x000001b90f212b80 ConcurrentGCThread "G1 Main Marker" [stack: 0x000000a34c200000,0x000000a34c300000] [id=2220]
  0x000001b90f213e20 ConcurrentGCThread "G1 Conc#0" [stack: 0x000000a34c300000,0x000000a34c400000] [id=9316]
  0x000001b92f9c0090 ConcurrentGCThread "G1 Refine#0" [stack: 0x000000a34c400000,0x000000a34c500000] [id=5640]
  0x000001b90f28d430 ConcurrentGCThread "G1 Young RemSet Sampling" [stack: 0x000000a34c500000,0x000000a34c600000] [id=5732]

Threads with active compile tasks:

VM state: at safepoint (normal execution)

VM Mutex/Monitor currently owned by a thread:  ([mutex/lock_event])
[0x000001b90f1bde30] Threads_lock - owner thread: 0x000001b92fb393e0

Heap address: 0x0000000083400000, size: 1996 MB, Compressed Oops mode: 32-bit
CDS archive(s) mapped at: [0x0000000800000000-0x0000000800b50000-0x0000000800b50000), size 11862016, SharedBaseAddress: 0x0000000800000000, ArchiveRelocationMode: 0.
Compressed class space mapped at: 0x0000000800b50000-0x0000000840b50000, size: 1073741824
Narrow klass base: 0x0000000800000000, Narrow klass shift: 3, Narrow klass range: 0x100000000

GC Precious Log:
 CPUs: 8 total, 8 available
 Memory: 7981M
 Large Page Support: Disabled
 NUMA Support: Disabled
 Compressed Oops: Enabled (32-bit)
 Heap Region Size: 1M
 Heap Min Capacity: 8M
 Heap Initial Capacity: 126M
 Heap Max Capacity: 1996M
 Pre-touch: Disabled
 Parallel Workers: 8
 Concurrent Workers: 2
 Concurrent Refinement Workers: 8
 Periodic GC: Disabled

Heap:
 garbage-first heap   total 129024K, used 4096K [0x0000000083400000, 0x0000000100000000)
  region size 1024K, 5 young (5120K), 0 survivors (0K)
 Metaspace       used 2759K, capacity 4870K, committed 5120K, reserved 1056768K
  class space    used 255K, capacity 429K, committed 512K, reserved 1048576K

Heap Regions: E=young(eden), S=young(survivor), O=old, HS=humongous(starts), HC=humongous(continues), CS=collection set, F=free, OA=open archive, CA=closed archive, TAMS=top-at-mark-start (previous, next)
|   0|0x0000000083400000, 0x0000000083400000, 0x0000000083500000|  0%| F|  |TAMS 0x0000000083400000, 0x0000000083400000| Untracked 
|   1|0x0000000083500000, 0x0000000083500000, 0x0000000083600000|  0%| F|  |TAMS 0x0000000083500000, 0x0000000083500000| Untracked 
|   2|0x0000000083600000, 0x0000000083600000, 0x0000000083700000|  0%| F|  |TAMS 0x0000000083600000, 0x0000000083600000| Untracked 
|   3|0x0000000083700000, 0x0000000083700000, 0x0000000083800000|  0%| F|  |TAMS 0x0000000083700000, 0x0000000083700000| Untracked 
|   4|0x0000000083800000, 0x0000000083800000, 0x0000000083900000|  0%| F|  |TAMS 0x0000000083800000, 0x0000000083800000| Untracked 
|   5|0x0000000083900000, 0x0000000083900000, 0x0000000083a00000|  0%| F|  |TAMS 0x0000000083900000, 0x0000000083900000| Untracked 
|   6|0x0000000083a00000, 0x0000000083a00000, 0x0000000083b00000|  0%| F|  |TAMS 0x0000000083a00000, 0x0000000083a00000| Untracked 
|   7|0x0000000083b00000, 0x0000000083b00000, 0x0000000083c00000|  0%| F|  |TAMS 0x0000000083b00000, 0x0000000083b00000| Untracked 
|   8|0x0000000083c00000, 0x0000000083c00000, 0x0000000083d00000|  0%| F|  |TAMS 0x0000000083c00000, 0x0000000083c00000| Untracked 
|   9|0x0000000083d00000, 0x0000000083d00000, 0x0000000083e00000|  0%| F|  |TAMS 0x0000000083d00000, 0x0000000083d00000| Untracked 
|  10|0x0000000083e00000, 0x0000000083e00000, 0x0000000083f00000|  0%| F|  |TAMS 0x0000000083e00000, 0x0000000083e00000| Untracked 
|  11|0x0000000083f00000, 0x0000000083f00000, 0x0000000084000000|  0%| F|  |TAMS 0x0000000083f00000, 0x0000000083f00000| Untracked 
|  12|0x0000000084000000, 0x0000000084000000, 0x0000000084100000|  0%| F|  |TAMS 0x0000000084000000, 0x0000000084000000| Untracked 
|  13|0x0000000084100000, 0x0000000084100000, 0x0000000084200000|  0%| F|  |TAMS 0x0000000084100000, 0x0000000084100000| Untracked 
|  14|0x0000000084200000, 0x0000000084200000, 0x0000000084300000|  0%| F|  |TAMS 0x0000000084200000, 0x0000000084200000| Untracked 
|  15|0x0000000084300000, 0x0000000084300000, 0x0000000084400000|  0%| F|  |TAMS 0x0000000084300000, 0x0000000084300000| Untracked 
|  16|0x0000000084400000, 0x0000000084400000, 0x0000000084500000|  0%| F|  |TAMS 0x0000000084400000, 0x0000000084400000| Untracked 
|  17|0x0000000084500000, 0x0000000084500000, 0x0000000084600000|  0%| F|  |TAMS 0x0000000084500000, 0x0000000084500000| Untracked 
|  18|0x0000000084600000, 0x0000000084600000, 0x0000000084700000|  0%| F|  |TAMS 0x0000000084600000, 0x0000000084600000| Untracked 
|  19|0x0000000084700000, 0x0000000084700000, 0x0000000084800000|  0%| F|  |TAMS 0x0000000084700000, 0x0000000084700000| Untracked 
|  20|0x0000000084800000, 0x0000000084800000, 0x0000000084900000|  0%| F|  |TAMS 0x0000000084800000, 0x0000000084800000| Untracked 
|  21|0x0000000084900000, 0x0000000084900000, 0x0000000084a00000|  0%| F|  |TAMS 0x0000000084900000, 0x0000000084900000| Untracked 
|  22|0x0000000084a00000, 0x0000000084a00000, 0x0000000084b00000|  0%| F|  |TAMS 0x0000000084a00000, 0x0000000084a00000| Untracked 
|  23|0x0000000084b00000, 0x0000000084b00000, 0x0000000084c00000|  0%| F|  |TAMS 0x0000000084b00000, 0x0000000084b00000| Untracked 
|  24|0x0000000084c00000, 0x0000000084c00000, 0x0000000084d00000|  0%| F|  |TAMS 0x0000000084c00000, 0x0000000084c00000| Untracked 
|  25|0x0000000084d00000, 0x0000000084d00000, 0x0000000084e00000|  0%| F|  |TAMS 0x0000000084d00000, 0x0000000084d00000| Untracked 
|  26|0x0000000084e00000, 0x0000000084e00000, 0x0000000084f00000|  0%| F|  |TAMS 0x0000000084e00000, 0x0000000084e00000| Untracked 
|  27|0x0000000084f00000, 0x0000000084f00000, 0x0000000085000000|  0%| F|  |TAMS 0x0000000084f00000, 0x0000000084f00000| Untracked 
|  28|0x0000000085000000, 0x0000000085000000, 0x0000000085100000|  0%| F|  |TAMS 0x0000000085000000, 0x0000000085000000| Untracked 
|  29|0x0000000085100000, 0x0000000085100000, 0x0000000085200000|  0%| F|  |TAMS 0x0000000085100000, 0x0000000085100000| Untracked 
|  30|0x0000000085200000, 0x0000000085200000, 0x0000000085300000|  0%| F|  |TAMS 0x0000000085200000, 0x0000000085200000| Untracked 
|  31|0x0000000085300000, 0x0000000085300000, 0x0000000085400000|  0%| F|  |TAMS 0x0000000085300000, 0x0000000085300000| Untracked 
|  32|0x0000000085400000, 0x0000000085400000, 0x0000000085500000|  0%| F|  |TAMS 0x0000000085400000, 0x0000000085400000| Untracked 
|  33|0x0000000085500000, 0x0000000085500000, 0x0000000085600000|  0%| F|  |TAMS 0x0000000085500000, 0x0000000085500000| Untracked 
|  34|0x0000000085600000, 0x0000000085600000, 0x0000000085700000|  0%| F|  |TAMS 0x0000000085600000, 0x0000000085600000| Untracked 
|  35|0x0000000085700000, 0x0000000085700000, 0x0000000085800000|  0%| F|  |TAMS 0x0000000085700000, 0x0000000085700000| Untracked 
|  36|0x0000000085800000, 0x0000000085800000, 0x0000000085900000|  0%| F|  |TAMS 0x0000000085800000, 0x0000000085800000| Untracked 
|  37|0x0000000085900000, 0x0000000085900000, 0x0000000085a00000|  0%| F|  |TAMS 0x0000000085900000, 0x0000000085900000| Untracked 
|  38|0x0000000085a00000, 0x0000000085a00000, 0x0000000085b00000|  0%| F|  |TAMS 0x0000000085a00000, 0x0000000085a00000| Untracked 
|  39|0x0000000085b00000, 0x0000000085b00000, 0x0000000085c00000|  0%| F|  |TAMS 0x0000000085b00000, 0x0000000085b00000| Untracked 
|  40|0x0000000085c00000, 0x0000000085c00000, 0x0000000085d00000|  0%| F|  |TAMS 0x0000000085c00000, 0x0000000085c00000| Untracked 
|  41|0x0000000085d00000, 0x0000000085d00000, 0x0000000085e00000|  0%| F|  |TAMS 0x0000000085d00000, 0x0000000085d00000| Untracked 
|  42|0x0000000085e00000, 0x0000000085e00000, 0x0000000085f00000|  0%| F|  |TAMS 0x0000000085e00000, 0x0000000085e00000| Untracked 
|  43|0x0000000085f00000, 0x0000000085f00000, 0x0000000086000000|  0%| F|  |TAMS 0x0000000085f00000, 0x0000000085f00000| Untracked 
|  44|0x0000000086000000, 0x0000000086000000, 0x0000000086100000|  0%| F|  |TAMS 0x0000000086000000, 0x0000000086000000| Untracked 
|  45|0x0000000086100000, 0x0000000086100000, 0x0000000086200000|  0%| F|  |TAMS 0x0000000086100000, 0x0000000086100000| Untracked 
|  46|0x0000000086200000, 0x0000000086200000, 0x0000000086300000|  0%| F|  |TAMS 0x0000000086200000, 0x0000000086200000| Untracked 
|  47|0x0000000086300000, 0x0000000086300000, 0x0000000086400000|  0%| F|  |TAMS 0x0000000086300000, 0x0000000086300000| Untracked 
|  48|0x0000000086400000, 0x0000000086400000, 0x0000000086500000|  0%| F|  |TAMS 0x0000000086400000, 0x0000000086400000| Untracked 
|  49|0x0000000086500000, 0x0000000086500000, 0x0000000086600000|  0%| F|  |TAMS 0x0000000086500000, 0x0000000086500000| Untracked 
|  50|0x0000000086600000, 0x0000000086600000, 0x0000000086700000|  0%| F|  |TAMS 0x0000000086600000, 0x0000000086600000| Untracked 
|  51|0x0000000086700000, 0x0000000086700000, 0x0000000086800000|  0%| F|  |TAMS 0x0000000086700000, 0x0000000086700000| Untracked 
|  52|0x0000000086800000, 0x0000000086800000, 0x0000000086900000|  0%| F|  |TAMS 0x0000000086800000, 0x0000000086800000| Untracked 
|  53|0x0000000086900000, 0x0000000086900000, 0x0000000086a00000|  0%| F|  |TAMS 0x0000000086900000, 0x0000000086900000| Untracked 
|  54|0x0000000086a00000, 0x0000000086a00000, 0x0000000086b00000|  0%| F|  |TAMS 0x0000000086a00000, 0x0000000086a00000| Untracked 
|  55|0x0000000086b00000, 0x0000000086b00000, 0x0000000086c00000|  0%| F|  |TAMS 0x0000000086b00000, 0x0000000086b00000| Untracked 
|  56|0x0000000086c00000, 0x0000000086c00000, 0x0000000086d00000|  0%| F|  |TAMS 0x0000000086c00000, 0x0000000086c00000| Untracked 
|  57|0x0000000086d00000, 0x0000000086d00000, 0x0000000086e00000|  0%| F|  |TAMS 0x0000000086d00000, 0x0000000086d00000| Untracked 
|  58|0x0000000086e00000, 0x0000000086e00000, 0x0000000086f00000|  0%| F|  |TAMS 0x0000000086e00000, 0x0000000086e00000| Untracked 
|  59|0x0000000086f00000, 0x0000000086f00000, 0x0000000087000000|  0%| F|  |TAMS 0x0000000086f00000, 0x0000000086f00000| Untracked 
|  60|0x0000000087000000, 0x0000000087000000, 0x0000000087100000|  0%| F|  |TAMS 0x0000000087000000, 0x0000000087000000| Untracked 
|  61|0x0000000087100000, 0x0000000087100000, 0x0000000087200000|  0%| F|  |TAMS 0x0000000087100000, 0x0000000087100000| Untracked 
|  62|0x0000000087200000, 0x0000000087200000, 0x0000000087300000|  0%| F|  |TAMS 0x0000000087200000, 0x0000000087200000| Untracked 
|  63|0x0000000087300000, 0x0000000087300000, 0x0000000087400000|  0%| F|  |TAMS 0x0000000087300000, 0x0000000087300000| Untracked 
|  64|0x0000000087400000, 0x0000000087400000, 0x0000000087500000|  0%| F|  |TAMS 0x0000000087400000, 0x0000000087400000| Untracked 
|  65|0x0000000087500000, 0x0000000087500000, 0x0000000087600000|  0%| F|  |TAMS 0x0000000087500000, 0x0000000087500000| Untracked 
|  66|0x0000000087600000, 0x0000000087600000, 0x0000000087700000|  0%| F|  |TAMS 0x0000000087600000, 0x0000000087600000| Untracked 
|  67|0x0000000087700000, 0x0000000087700000, 0x0000000087800000|  0%| F|  |TAMS 0x0000000087700000, 0x0000000087700000| Untracked 
|  68|0x0000000087800000, 0x0000000087800000, 0x0000000087900000|  0%| F|  |TAMS 0x0000000087800000, 0x0000000087800000| Untracked 
|  69|0x0000000087900000, 0x0000000087900000, 0x0000000087a00000|  0%| F|  |TAMS 0x0000000087900000, 0x0000000087900000| Untracked 
|  70|0x0000000087a00000, 0x0000000087a00000, 0x0000000087b00000|  0%| F|  |TAMS 0x0000000087a00000, 0x0000000087a00000| Untracked 
|  71|0x0000000087b00000, 0x0000000087b00000, 0x0000000087c00000|  0%| F|  |TAMS 0x0000000087b00000, 0x0000000087b00000| Untracked 
|  72|0x0000000087c00000, 0x0000000087c00000, 0x0000000087d00000|  0%| F|  |TAMS 0x0000000087c00000, 0x0000000087c00000| Untracked 
|  73|0x0000000087d00000, 0x0000000087d00000, 0x0000000087e00000|  0%| F|  |TAMS 0x0000000087d00000, 0x0000000087d00000| Untracked 
|  74|0x0000000087e00000, 0x0000000087e00000, 0x0000000087f00000|  0%| F|  |TAMS 0x0000000087e00000, 0x0000000087e00000| Untracked 
|  75|0x0000000087f00000, 0x0000000087f00000, 0x0000000088000000|  0%| F|  |TAMS 0x0000000087f00000, 0x0000000087f00000| Untracked 
|  76|0x0000000088000000, 0x0000000088000000, 0x0000000088100000|  0%| F|  |TAMS 0x0000000088000000, 0x0000000088000000| Untracked 
|  77|0x0000000088100000, 0x0000000088100000, 0x0000000088200000|  0%| F|  |TAMS 0x0000000088100000, 0x0000000088100000| Untracked 
|  78|0x0000000088200000, 0x0000000088200000, 0x0000000088300000|  0%| F|  |TAMS 0x0000000088200000, 0x0000000088200000| Untracked 
|  79|0x0000000088300000, 0x0000000088300000, 0x0000000088400000|  0%| F|  |TAMS 0x0000000088300000, 0x0000000088300000| Untracked 
|  80|0x0000000088400000, 0x0000000088400000, 0x0000000088500000|  0%| F|  |TAMS 0x0000000088400000, 0x0000000088400000| Untracked 
|  81|0x0000000088500000, 0x0000000088500000, 0x0000000088600000|  0%| F|  |TAMS 0x0000000088500000, 0x0000000088500000| Untracked 
|  82|0x0000000088600000, 0x0000000088600000, 0x0000000088700000|  0%| F|  |TAMS 0x0000000088600000, 0x0000000088600000| Untracked 
|  83|0x0000000088700000, 0x0000000088700000, 0x0000000088800000|  0%| F|  |TAMS 0x0000000088700000, 0x0000000088700000| Untracked 
|  84|0x0000000088800000, 0x0000000088800000, 0x0000000088900000|  0%| F|  |TAMS 0x0000000088800000, 0x0000000088800000| Untracked 
|  85|0x0000000088900000, 0x0000000088900000, 0x0000000088a00000|  0%| F|  |TAMS 0x0000000088900000, 0x0000000088900000| Untracked 
|  86|0x0000000088a00000, 0x0000000088a00000, 0x0000000088b00000|  0%| F|  |TAMS 0x0000000088a00000, 0x0000000088a00000| Untracked 
|  87|0x0000000088b00000, 0x0000000088b00000, 0x0000000088c00000|  0%| F|  |TAMS 0x0000000088b00000, 0x0000000088b00000| Untracked 
|  88|0x0000000088c00000, 0x0000000088c00000, 0x0000000088d00000|  0%| F|  |TAMS 0x0000000088c00000, 0x0000000088c00000| Untracked 
|  89|0x0000000088d00000, 0x0000000088d00000, 0x0000000088e00000|  0%| F|  |TAMS 0x0000000088d00000, 0x0000000088d00000| Untracked 
|  90|0x0000000088e00000, 0x0000000088e00000, 0x0000000088f00000|  0%| F|  |TAMS 0x0000000088e00000, 0x0000000088e00000| Untracked 
|  91|0x0000000088f00000, 0x0000000088f00000, 0x0000000089000000|  0%| F|  |TAMS 0x0000000088f00000, 0x0000000088f00000| Untracked 
|  92|0x0000000089000000, 0x0000000089000000, 0x0000000089100000|  0%| F|  |TAMS 0x0000000089000000, 0x0000000089000000| Untracked 
|  93|0x0000000089100000, 0x0000000089100000, 0x0000000089200000|  0%| F|  |TAMS 0x0000000089100000, 0x0000000089100000| Untracked 
|  94|0x0000000089200000, 0x0000000089200000, 0x0000000089300000|  0%| F|  |TAMS 0x0000000089200000, 0x0000000089200000| Untracked 
|  95|0x0000000089300000, 0x0000000089300000, 0x0000000089400000|  0%| F|  |TAMS 0x0000000089300000, 0x0000000089300000| Untracked 
|  96|0x0000000089400000, 0x0000000089400000, 0x0000000089500000|  0%| F|  |TAMS 0x0000000089400000, 0x0000000089400000| Untracked 
|  97|0x0000000089500000, 0x0000000089500000, 0x0000000089600000|  0%| F|  |TAMS 0x0000000089500000, 0x0000000089500000| Untracked 
|  98|0x0000000089600000, 0x0000000089600000, 0x0000000089700000|  0%| F|  |TAMS 0x0000000089600000, 0x0000000089600000| Untracked 
|  99|0x0000000089700000, 0x0000000089700000, 0x0000000089800000|  0%| F|  |TAMS 0x0000000089700000, 0x0000000089700000| Untracked 
| 100|0x0000000089800000, 0x0000000089800000, 0x0000000089900000|  0%| F|  |TAMS 0x0000000089800000, 0x0000000089800000| Untracked 
| 101|0x0000000089900000, 0x0000000089900000, 0x0000000089a00000|  0%| F|  |TAMS 0x0000000089900000, 0x0000000089900000| Untracked 
| 102|0x0000000089a00000, 0x0000000089a00000, 0x0000000089b00000|  0%| F|  |TAMS 0x0000000089a00000, 0x0000000089a00000| Untracked 
| 103|0x0000000089b00000, 0x0000000089b00000, 0x0000000089c00000|  0%| F|  |TAMS 0x0000000089b00000, 0x0000000089b00000| Untracked 
| 104|0x0000000089c00000, 0x0000000089c00000, 0x0000000089d00000|  0%| F|  |TAMS 0x0000000089c00000, 0x0000000089c00000| Untracked 
| 105|0x0000000089d00000, 0x0000000089d00000, 0x0000000089e00000|  0%| F|  |TAMS 0x0000000089d00000, 0x0000000089d00000| Untracked 
| 106|0x0000000089e00000, 0x0000000089e00000, 0x0000000089f00000|  0%| F|  |TAMS 0x0000000089e00000, 0x0000000089e00000| Untracked 
| 107|0x0000000089f00000, 0x0000000089f00000, 0x000000008a000000|  0%| F|  |TAMS 0x0000000089f00000, 0x0000000089f00000| Untracked 
| 108|0x000000008a000000, 0x000000008a000000, 0x000000008a100000|  0%| F|  |TAMS 0x000000008a000000, 0x000000008a000000| Untracked 
| 109|0x000000008a100000, 0x000000008a100000, 0x000000008a200000|  0%| F|  |TAMS 0x000000008a100000, 0x000000008a100000| Untracked 
| 110|0x000000008a200000, 0x000000008a200000, 0x000000008a300000|  0%| F|  |TAMS 0x000000008a200000, 0x000000008a200000| Untracked 
| 111|0x000000008a300000, 0x000000008a300000, 0x000000008a400000|  0%| F|  |TAMS 0x000000008a300000, 0x000000008a300000| Untracked 
| 112|0x000000008a400000, 0x000000008a400000, 0x000000008a500000|  0%| F|  |TAMS 0x000000008a400000, 0x000000008a400000| Untracked 
| 113|0x000000008a500000, 0x000000008a500000, 0x000000008a600000|  0%| F|  |TAMS 0x000000008a500000, 0x000000008a500000| Untracked 
| 114|0x000000008a600000, 0x000000008a600000, 0x000000008a700000|  0%| F|  |TAMS 0x000000008a600000, 0x000000008a600000| Untracked 
| 115|0x000000008a700000, 0x000000008a700000, 0x000000008a800000|  0%| F|  |TAMS 0x000000008a700000, 0x000000008a700000| Untracked 
| 116|0x000000008a800000, 0x000000008a800000, 0x000000008a900000|  0%| F|  |TAMS 0x000000008a800000, 0x000000008a800000| Untracked 
| 117|0x000000008a900000, 0x000000008a900000, 0x000000008aa00000|  0%| F|  |TAMS 0x000000008a900000, 0x000000008a900000| Untracked 
| 118|0x000000008aa00000, 0x000000008aa00000, 0x000000008ab00000|  0%| F|  |TAMS 0x000000008aa00000, 0x000000008aa00000| Untracked 
| 119|0x000000008ab00000, 0x000000008ab00000, 0x000000008ac00000|  0%| F|  |TAMS 0x000000008ab00000, 0x000000008ab00000| Untracked 
| 120|0x000000008ac00000, 0x000000008ac00000, 0x000000008ad00000|  0%| F|  |TAMS 0x000000008ac00000, 0x000000008ac00000| Untracked 
| 121|0x000000008ad00000, 0x000000008adf8008, 0x000000008ae00000| 96%| E|  |TAMS 0x000000008ad00000, 0x000000008ad00000| Complete 
| 122|0x000000008ae00000, 0x000000008af00000, 0x000000008af00000|100%| E|CS|TAMS 0x000000008ae00000, 0x000000008ae00000| Complete 
| 123|0x000000008af00000, 0x000000008b000000, 0x000000008b000000|100%| E|CS|TAMS 0x000000008af00000, 0x000000008af00000| Complete 
| 124|0x000000008b000000, 0x000000008b100000, 0x000000008b100000|100%| E|CS|TAMS 0x000000008b000000, 0x000000008b000000| Complete 
| 125|0x000000008b100000, 0x000000008b200000, 0x000000008b200000|100%| E|CS|TAMS 0x000000008b100000, 0x000000008b100000| Complete 

Card table byte_map: [0x000001b928a50000,0x000001b928e40000] _byte_map_base: 0x000001b928636000

Marking Bits (Prev, Next): (CMBitMap*) 0x000001b90f2028a0, (CMBitMap*) 0x000001b90f2028e0
 Prev Bits: [0x000001b929230000, 0x000001b92b160000)
 Next Bits: [0x000001b92b160000, 0x000001b92d090000)

Polling page: 0x000001b90f2a0000

Metaspace:

Usage:
  Non-class:      4.34 MB capacity,     2.45 MB ( 56%) used,     1.89 MB ( 44%) free+waste,     1.19 KB ( <1%) overhead. 
      Class:    429.00 KB capacity,   255.29 KB ( 60%) used,   173.02 KB ( 40%) free+waste,   704 bytes ( <1%) overhead. 
       Both:      4.76 MB capacity,     2.70 MB ( 57%) used,     2.06 MB ( 43%) free+waste,     1.88 KB ( <1%) overhead. 

Virtual space:
  Non-class space:        8.00 MB reserved,       4.50 MB ( 56%) committed 
      Class space:        1.00 GB reserved,     512.00 KB ( <1%) committed 
             Both:        1.01 GB reserved,       5.00 MB ( <1%) committed 

Chunk freelists:
   Non-Class:  39.00 KB
       Class:  19.00 KB
        Both:  58.00 KB

MaxMetaspaceSize: 17179869184.00 GB
CompressedClassSpaceSize: 1.00 GB

CodeHeap 'non-profiled nmethods': size=120000Kb used=124Kb max_used=124Kb free=119875Kb
 bounds [0x000001b9206d0000, 0x000001b920940000, 0x000001b927c00000]
CodeHeap 'profiled nmethods': size=120000Kb used=545Kb max_used=545Kb free=119454Kb
 bounds [0x000001b9191a0000, 0x000001b919410000, 0x000001b9206d0000]
CodeHeap 'non-nmethods': size=5760Kb used=1234Kb max_used=1253Kb free=4525Kb
 bounds [0x000001b918c00000, 0x000001b918e70000, 0x000001b9191a0000]
 total_blobs=793 nmethods=408 adapters=298
 compilation: enabled
              stopped_count=0, restarted_count=0
 full_count=0

Compilation events (20 events):
Event: 363.766 Thread 0x000001b92fb699e0  408       3       org.eclipse.jdt.launching.internal.org.objectweb.asm.ClassReader::readUtf (161 bytes)
Event: 363.770 Thread 0x000001b92fb699e0 

Event: 363.770 Thread 0x000001b92fb699e0  406       3       org.eclipse.jdt.launching.internal.org.objectweb.asm.ClassReader::readUtf (44 bytes)
Event: 363.771 Thread 0x000001b92fb699e0 nmethod 406 0x000001b919225d10 code [0x000001b919225ee0, 0x000001b9192262d8]
Event: 363.771 Thread 0x000001b92fb699e0  405       3       java.lang.String::<init> (74 bytes)
Event: 363.771 Thread 0x000001b92fb699e0 nmethod 405 0x000001b919226490 code [0x000001b919226660, 0x000001b919226a38]
Event: 363.771 Thread 0x000001b92fb699e0  407       3       org.eclipse.jdt.launching.internal.org.objectweb.asm.SymbolTable::hash (10 bytes)
Event: 363.771 Thread 0x000001b92fb699e0 nmethod 407 0x000001b919226b90 code [0x000001b919226d40, 0x000001b919226e68]
Event: 580.322 Thread 0x000001b92fb699e0  409       3       org.eclipse.jdt.launching.internal.org.objectweb.asm.ClassReader::readUtf (161 bytes)
Event: 580.323 Thread 0x000001b92fb699e0 nmethod 409 0x000001b919226f90 code [0x000001b919227160, 0x000001b919227608]
Event: 580.323 Thread 0x000001b92fb699e0  410       3       org.eclipse.jdt.launching.internal.org.objectweb.asm.SymbolTable::addConstantUtf8 (20 bytes)
Event: 580.323 Thread 0x000001b92fb699e0 nmethod 410 0x000001b919227910 code [0x000001b919227ae0, 0x000001b919227d88]
Event: 659.977 Thread 0x000001b92fb680d0  411       4       org.eclipse.jdt.launching.internal.org.objectweb.asm.ClassReader::readUnsignedShort (26 bytes)
Event: 659.979 Thread 0x000001b92fb680d0 nmethod 411 0x000001b9206eea90 code [0x000001b9206eec20, 0x000001b9206eed18]
Event: 680.816 Thread 0x000001b92fb699e0  412       3       org.eclipse.jdt.launching.internal.org.objectweb.asm.Symbol::<init> (38 bytes)
Event: 680.817 Thread 0x000001b92fb699e0 nmethod 412 0x000001b919227f10 code [0x000001b9192280c0, 0x000001b919228358]
Event: 1009.395 Thread 0x000001b92fb699e0  413       3       org.eclipse.jdt.launching.internal.org.objectweb.asm.ByteVector::putShort (52 bytes)
Event: 1009.398 Thread 0x000001b92fb699e0 

Event: 1152.757 Thread 0x000001b92fb699e0  414       1       java.security.ProtectionDomain::getCodeSource (5 bytes)
Event: 1152.757 Thread 0x000001b92fb699e0 nmethod 414 0x000001b9206eee10 code [0x000001b9206eefa0, 0x000001b9206ef058]

GC Heap History (0 events):
No events

Deoptimization events (10 events):
Event: 0.262 Thread 0x000001b90f1c4640 Uncommon trap: trap_request=0xffffff45 fr.pc=0x000001b9206dd860 relative=0x0000000000000a00
Event: 0.262 Thread 0x000001b90f1c4640 Uncommon trap: reason=unstable_if action=reinterpret pc=0x000001b9206dd860 method=java.util.HashMap.putVal(ILjava/lang/Object;Ljava/lang/Object;ZZ)Ljava/lang/Object; @ 181 c2
Event: 0.262 Thread 0x000001b90f1c4640 DEOPT PACKING pc=0x000001b9206dd860 sp=0x000000a34c0fdf70
Event: 0.262 Thread 0x000001b90f1c4640 DEOPT UNPACKING pc=0x000001b918c0852f sp=0x000000a34c0fdf20 mode 2
Event: 0.423 Thread 0x000001b90f1c4640 DEOPT PACKING pc=0x000001b91920d72c sp=0x000000a34c0f7940
Event: 0.423 Thread 0x000001b90f1c4640 DEOPT UNPACKING pc=0x000001b918c4f6cf sp=0x000000a34c0f6e08 mode 0
Event: 0.423 Thread 0x000001b90f1c4640 DEOPT PACKING pc=0x000001b91920d72c sp=0x000000a34c0f7940
Event: 0.423 Thread 0x000001b90f1c4640 DEOPT UNPACKING pc=0x000001b918c4f6cf sp=0x000000a34c0f6e08 mode 0
Event: 0.424 Thread 0x000001b90f1c4640 DEOPT PACKING pc=0x000001b91920d72c sp=0x000000a34c0f7940
Event: 0.424 Thread 0x000001b90f1c4640 DEOPT UNPACKING pc=0x000001b918c4f6cf sp=0x000000a34c0f6e08 mode 0

Classes unloaded (0 events):
No events

Classes redefined (12 events):
Event: 72.878 Thread 0x000001b92fb393e0 redefined class name=zadaci.Zadatak05, count=1
Event: 187.648 Thread 0x000001b92fb393e0 redefined class name=zadaci.Zadatak05, count=2
Event: 220.711 Thread 0x000001b92fb393e0 redefined class name=zadaci.Zadatak05, count=3
Event: 230.902 Thread 0x000001b92fb393e0 redefined class name=zadaci.Zadatak05, count=4
Event: 246.485 Thread 0x000001b92fb393e0 redefined class name=zadaci.Zadatak05, count=5
Event: 255.675 Thread 0x000001b92fb393e0 redefined class name=zadaci.Zadatak05, count=6
Event: 293.730 Thread 0x000001b92fb393e0 redefined class name=zadaci.Zadatak05, count=7
Event: 363.767 Thread 0x000001b92fb393e0 redefined class name=zadaci.Zadatak05, count=8
Event: 1006.012 Thread 0x000001b92fb393e0 redefined class name=zadaci.Zadatak05, count=9
Event: 1009.396 Thread 0x000001b92fb393e0 redefined class name=zadaci.Zadatak05, count=10
Event: 1152.758 Thread 0x000001b92fb393e0 redefined class name=zadaci.Zadatak05, count=11
Event: 1191.616 Thread 0x000001b92fb393e0 redefined class name=zadaci.Zadatak05, count=12

Internal exceptions (3 events):
Event: 0.256 Thread 0x000001b90f1c4640 Exception <a 'java/lang/NoSuchMethodError'{0x000000008af25a38}: 'void java.lang.invoke.DirectMethodHandle$Holder.invokeStatic(java.lang.Object, java.lang.Object)'> (0x000000008af25a38) 
thrown [./open/src/hotspot/share/interpreter/linkResolver.cpp, line 782]
Event: 0.257 Thread 0x000001b90f1c4640 Exception <a 'java/lang/NoSuchMethodError'{0x000000008af296e0}: 'void java.lang.invoke.DirectMethodHandle$Holder.invokeStaticInit(java.lang.Object, java.lang.Object)'> (0x000000008af296e0) 
thrown [./open/src/hotspot/share/interpreter/linkResolver.cpp, line 782]
Event: 0.369 Thread 0x000001b90f1c4640 Exception <a 'java/lang/NoSuchMethodError'{0x000000008aec4898}: 'java.lang.Object java.lang.invoke.DirectMethodHandle$Holder.invokeStatic(java.lang.Object)'> (0x000000008aec4898) 
thrown [./open/src/hotspot/share/interpreter/linkResolver.cpp, line 782]

Events (20 events):
Event: 1009.398 Executing VM operation: GetFrameCount done
Event: 1009.398 Executing VM operation: GetStackTrace
Event: 1009.398 Executing VM operation: GetStackTrace done
Event: 1009.407 Executing VM operation: GetFrameCount
Event: 1009.407 Executing VM operation: GetFrameCount done
Event: 1152.757 Executing VM operation: RedefineClasses
Event: 1152.760 Executing VM operation: RedefineClasses done
Event: 1152.760 Executing VM operation: GetFrameCount
Event: 1152.760 Executing VM operation: GetFrameCount done
Event: 1152.760 Executing VM operation: GetStackTrace
Event: 1152.760 Executing VM operation: GetStackTrace done
Event: 1152.776 Executing VM operation: GetFrameCount
Event: 1152.776 Executing VM operation: GetFrameCount done
Event: 1191.615 Executing VM operation: RedefineClasses
Event: 1191.620 Executing VM operation: RedefineClasses done
Event: 1191.626 Executing VM operation: ChangeBreakpoints
Event: 1191.626 Executing VM operation: ChangeBreakpoints done
Event: 1191.628 Executing VM operation: GetFrameCount
Event: 1191.628 Executing VM operation: GetFrameCount done
Event: 1191.628 Executing VM operation: GetStackTrace


Dynamic libraries:
0x00007ff6c2e10000 - 0x00007ff6c2e1f000 	C:\Program Files\Java\jdk-15.0.2\bin\javaw.exe
0x00007ffd01670000 - 0x00007ffd01865000 	C:\Windows\SYSTEM32\ntdll.dll
0x00007ffcffa40000 - 0x00007ffcffafd000 	C:\Windows\System32\KERNEL32.DLL
0x00007ffcfee50000 - 0x00007ffcff119000 	C:\Windows\System32\KERNELBASE.dll
0x00007ffcff250000 - 0x00007ffcff350000 	C:\Windows\System32\ucrtbase.dll
0x00007ffcf60a0000 - 0x00007ffcf60b8000 	C:\Program Files\Java\jdk-15.0.2\bin\jli.dll
0x00007ffcf6080000 - 0x00007ffcf6099000 	C:\Program Files\Java\jdk-15.0.2\bin\VCRUNTIME140.dll
0x00007ffd00450000 - 0x00007ffd004fc000 	C:\Windows\System32\ADVAPI32.dll
0x00007ffcff870000 - 0x00007ffcff90e000 	C:\Windows\System32\msvcrt.dll
0x00007ffd00730000 - 0x00007ffd007cb000 	C:\Windows\System32\sechost.dll
0x00007ffd01360000 - 0x00007ffd0148a000 	C:\Windows\System32\RPCRT4.dll
0x00007ffcffbd0000 - 0x00007ffcffd70000 	C:\Windows\System32\USER32.dll
0x00007ffcff6b0000 - 0x00007ffcff6d2000 	C:\Windows\System32\win32u.dll
0x00007ffd00510000 - 0x00007ffd0053a000 	C:\Windows\System32\GDI32.dll
0x00007ffcff440000 - 0x00007ffcff54b000 	C:\Windows\System32\gdi32full.dll
0x00007ffcf2a70000 - 0x00007ffcf2d0a000 	C:\Windows\WinSxS\amd64_microsoft.windows.common-controls_6595b64144ccf1df_6.0.19041.1110_none_60b5254171f9507e\COMCTL32.dll
0x00007ffcfedb0000 - 0x00007ffcfee4d000 	C:\Windows\System32\msvcp_win.dll
0x00007ffcfaa90000 - 0x00007ffcfaa9a000 	C:\Windows\SYSTEM32\VERSION.dll
0x00007ffd00420000 - 0x00007ffd00450000 	C:\Windows\System32\IMM32.DLL
0x00007ffcfb5b0000 - 0x00007ffcfb5bc000 	C:\Program Files\Java\jdk-15.0.2\bin\vcruntime140_1.dll
0x00007ffce66f0000 - 0x00007ffce6781000 	C:\Program Files\Java\jdk-15.0.2\bin\msvcp140.dll
0x00007ffcc2920000 - 0x00007ffcc347e000 	C:\Program Files\Java\jdk-15.0.2\bin\server\jvm.dll
0x00007ffcff740000 - 0x00007ffcff748000 	C:\Windows\System32\PSAPI.DLL
0x00007ffcfb160000 - 0x00007ffcfb169000 	C:\Windows\SYSTEM32\WSOCK32.dll
0x00007ffce9890000 - 0x00007ffce98b7000 	C:\Windows\SYSTEM32\WINMM.dll
0x00007ffd01490000 - 0x00007ffd014fb000 	C:\Windows\System32\WS2_32.dll
0x00007ffcfcc00000 - 0x00007ffcfcc12000 	C:\Windows\SYSTEM32\kernel.appcore.dll
0x00007ffcfad20000 - 0x00007ffcfad2a000 	C:\Program Files\Java\jdk-15.0.2\bin\jimage.dll
0x00007ffce9240000 - 0x00007ffce9424000 	C:\Windows\SYSTEM32\DBGHELP.DLL
0x00007ffcea370000 - 0x00007ffcea39c000 	C:\Windows\SYSTEM32\dbgcore.DLL
0x00007ffcff350000 - 0x00007ffcff3d3000 	C:\Windows\System32\bcryptPrimitives.dll
0x00007ffce64a0000 - 0x00007ffce64d9000 	C:\Program Files\Java\jdk-15.0.2\bin\jdwp.dll
0x00007ffcfb5a0000 - 0x00007ffcfb5ae000 	C:\Program Files\Java\jdk-15.0.2\bin\instrument.dll
0x00007ffcf6050000 - 0x00007ffcf6075000 	C:\Program Files\Java\jdk-15.0.2\bin\java.dll
0x00007ffd00b30000 - 0x00007ffd0126f000 	C:\Windows\System32\SHELL32.dll
0x00007ffcfcee0000 - 0x00007ffcfd671000 	C:\Windows\SYSTEM32\windows.storage.dll
0x00007ffd007d0000 - 0x00007ffd00b25000 	C:\Windows\System32\combase.dll
0x00007ffcfe7b0000 - 0x00007ffcfe7dc000 	C:\Windows\SYSTEM32\Wldp.dll
0x00007ffcff910000 - 0x00007ffcff9be000 	C:\Windows\System32\SHCORE.dll
0x00007ffcff6e0000 - 0x00007ffcff735000 	C:\Windows\System32\shlwapi.dll
0x00007ffcfecf0000 - 0x00007ffcfed0f000 	C:\Windows\SYSTEM32\profapi.dll
0x00007ffcfb590000 - 0x00007ffcfb59b000 	C:\Program Files\Java\jdk-15.0.2\bin\dt_socket.dll
0x00007ffcfe1a0000 - 0x00007ffcfe1db000 	C:\Windows\SYSTEM32\IPHLPAPI.DLL
0x00007ffcfe4b0000 - 0x00007ffcfe51a000 	C:\Windows\system32\mswsock.dll
0x00007ffcfe1e0000 - 0x00007ffcfe2ac000 	C:\Windows\SYSTEM32\DNSAPI.dll
0x00007ffd00500000 - 0x00007ffd00508000 	C:\Windows\System32\NSI.dll
0x00007ffcf57f0000 - 0x00007ffcf57fa000 	C:\Windows\System32\rasadhlp.dll
0x00007ffcf70b0000 - 0x00007ffcf712f000 	C:\Windows\System32\fwpuclnt.dll
0x00007ffcff1d0000 - 0x00007ffcff1f7000 	C:\Windows\System32\bcrypt.dll
0x00007ffcf3920000 - 0x00007ffcf3938000 	C:\Program Files\Java\jdk-15.0.2\bin\zip.dll
0x00007ffcf3960000 - 0x00007ffcf3979000 	C:\Program Files\Java\jdk-15.0.2\bin\net.dll
0x00007ffcf7130000 - 0x00007ffcf723a000 	C:\Windows\SYSTEM32\WINHTTP.dll
0x00007ffcf3940000 - 0x00007ffcf3952000 	C:\Program Files\Java\jdk-15.0.2\bin\nio.dll
0x00007ffcf8440000 - 0x00007ffcf8450000 	C:\Program Files\Java\jdk-15.0.2\bin\verify.dll

dbghelp: loaded successfully - version: 4.0.5 - missing functions: none
symbol engine: initialized successfully - sym options: 0x614 - pdb path: .;C:\Program Files\Java\jdk-15.0.2\bin;C:\Windows\SYSTEM32;C:\Windows\WinSxS\amd64_microsoft.windows.common-controls_6595b64144ccf1df_6.0.19041.1110_none_60b5254171f9507e;C:\Program Files\Java\jdk-15.0.2\bin\server

VM Arguments:
jvm_args: -XX:+ShowCodeDetailsInExceptionMessages -agentlib:jdwp=transport=dt_socket,suspend=y,address=localhost:63984 -javaagent:C:\Users\acer\eclipse\java-2020-12\eclipse\configuration\org.eclipse.osgi\220\0\.cp\lib\javaagent-shaded.jar -Dfile.encoding=Cp1250 
java_command: zadaci.Zadatak05
java_class_path (initial): C:\Users\acer\eclipse-workspace\Vjezbe03\bin
Launcher Type: SUN_STANDARD

[Global flags]
     intx CICompilerCount                          = 4                                         {product} {ergonomic}
     uint ConcGCThreads                            = 2                                         {product} {ergonomic}
     uint G1ConcRefinementThreads                  = 8                                         {product} {ergonomic}
   size_t G1HeapRegionSize                         = 1048576                                   {product} {ergonomic}
    uintx GCDrainStackTargetSize                   = 64                                        {product} {ergonomic}
   size_t InitialHeapSize                          = 132120576                                 {product} {ergonomic}
   size_t MarkStackSize                            = 4194304                                   {product} {ergonomic}
   size_t MaxHeapSize                              = 2092957696                                {product} {ergonomic}
   size_t MaxNewSize                               = 1255145472                                {product} {ergonomic}
   size_t MinHeapDeltaBytes                        = 1048576                                   {product} {ergonomic}
   size_t MinHeapSize                              = 8388608                                   {product} {ergonomic}
    uintx NonNMethodCodeHeapSize                   = 5839372                                {pd product} {ergonomic}
    uintx NonProfiledCodeHeapSize                  = 122909434                              {pd product} {ergonomic}
    uintx ProfiledCodeHeapSize                     = 122909434                              {pd product} {ergonomic}
    uintx ReservedCodeCacheSize                    = 251658240                              {pd product} {ergonomic}
     bool SegmentedCodeCache                       = true                                      {product} {ergonomic}
     bool ShowCodeDetailsInExceptionMessages       = true                                   {manageable} {command line}
   size_t SoftMaxHeapSize                          = 2092957696                             {manageable} {ergonomic}
     bool UseCompressedClassPointers               = true                                 {lp64_product} {ergonomic}
     bool UseCompressedOops                        = true                                 {lp64_product} {ergonomic}
     bool UseG1GC                                  = true                                      {product} {ergonomic}
     bool UseLargePagesIndividualAllocation        = false                                  {pd product} {ergonomic}

Logging:
Log output configuration:
 #0: stdout all=warning uptime,level,tags
 #1: stderr all=off uptime,level,tags

Environment Variables:
PATH=C:\Program Files\Common Files\Oracle\Java\javapath;C:\Program Files\Python39\Scripts\;C:\Program Files\Python39\;C:\Windows\system32;C:\Windows;C:\Windows\System32\Wbem;C:\Windows\System32\WindowsPowerShell\v1.0\;C:\Windows\System32\OpenSSH\;C:\Program Files\Java\jdk-15.0.2\bin;C:\Users\acer\AppData\Local\Microsoft\WindowsApps;;C:\Users\acer\AppData\Local\Programs\Microsoft VS Code\bin;C:\Program Files\JetBrains\PyCharm Community Edition 2020.3.3\bin;
USERNAME=acer
OS=Windows_NT
PROCESSOR_IDENTIFIER=Intel64 Family 6 Model 126 Stepping 5, GenuineIntel



---------------  S Y S T E M  ---------------

OS:
 Windows 10 , 64 bit Build 19041 (10.0.19041.1023)
OS uptime: 1 days 21:40 hours

CPU: total 8 (initial active 8) (4 cores per cpu, 2 threads per core) family 6 model 126 stepping 5 microcode 0xa0, cmov, cx8, fxsr, mmx, sse, sse2, sse3, ssse3, sse4.1, sse4.2, popcnt, vzeroupper, avx, avx2, aes, clmul, erms, 3dnowpref, lzcnt, ht, tsc, tscinvbit, bmi1, bmi2, adx, avx512f, avx512dq, avx512cd, avx512bw, avx512vl, avx512_vpopcntdq, avx512_vpclmulqdq, avx512_vbmi, avx512_vbmi2, avx512_vaes, avx512_vnni, sha, fma, clflush, clflushopt

Memory: 4k page, system-wide physical 7981M (3510M free)
TotalPageFile size 9261M (AvailPageFile size 3687M)
current process WorkingSet (physical memory assigned to process): 41M, peak: 43M
current process commit charge ("private bytes"): 214M, peak: 216M

vm_info: Java HotSpot(TM) 64-Bit Server VM (15.0.2+7-27) for windows-amd64 JRE (15.0.2+7-27), built on Dec  7 2020 20:07:01 by "mach5one" with unknown MS VC++:1925

END.
